[INFO ] 2023-08-08 01:04:30.238 [main] BoookartWeb - The WebDriver Sesssion Starts successfully.
[INFO ] 2023-08-08 01:04:30.404 [main] BoookartWeb - Window is Maximized successfullly.
[INFO ] 2023-08-08 01:04:30.524 [main] BoookartWeb - *********TestCase1-Verify-Launched-BaseURL Start ********
[INFO ] 2023-08-08 01:04:33.210 [main] BoookartWeb - Verifying ....Home Page URL is Opened or not on browser....
[INFO ] 2023-08-08 01:04:33.226 [main] BoookartWeb - ********TestCase1-Verify-LaunchedBaseURL End********
[INFO ] 2023-08-08 01:04:33.244 [main] BoookartWeb - ********* TestCase2-Verify-NewsletterPopup Start ********
[INFO ] 2023-08-08 01:04:39.007 [main] BoookartWeb - ******** TestCase2-Verify-NewsletterPopup End ********
[INFO ] 2023-08-08 01:15:03.527 [main] BoookartWeb - The WebDriver Sesssion Starts successfully.
[INFO ] 2023-08-08 01:15:03.677 [main] BoookartWeb - Window is Maximized successfullly.
[INFO ] 2023-08-08 01:15:06.338 [main] BoookartWeb - *********TestCase1-Verify-Launched-BaseURL Start ********
[INFO ] 2023-08-08 01:15:07.292 [main] BoookartWeb - Verifying ....Home Page URL is Opened or not on browser....
[INFO ] 2023-08-08 01:15:07.837 [main] BoookartWeb - ********TestCase1-Verify-LaunchedBaseURL End********
[INFO ] 2023-08-08 01:15:07.843 [main] BoookartWeb - ********* TestCase2-Verify-NewsletterPopup Start ********
[INFO ] 2023-08-08 01:15:38.186 [main] BoookartWeb - ******** TestCase2-Verify-NewsletterPopup End ********
[INFO ] 2023-08-08 01:21:10.223 [main] BoookartWeb - The WebDriver Sesssion Starts successfully.
[INFO ] 2023-08-08 01:21:10.362 [main] BoookartWeb - Window is Maximized successfullly.
[INFO ] 2023-08-08 01:21:12.852 [main] BoookartWeb - *********TestCase1-Verify-Launched-BaseURL Start ********
[INFO ] 2023-08-08 01:21:14.243 [main] BoookartWeb - Verifying ....Home Page URL is Opened or not on browser....
[INFO ] 2023-08-08 01:21:14.286 [main] BoookartWeb - ********TestCase1-Verify-LaunchedBaseURL End********
[INFO ] 2023-08-08 01:21:14.294 [main] BoookartWeb - ********* TestCase2-Verify-NewsletterPopup Start ********
[INFO ] 2023-08-08 01:21:19.259 [main] BoookartWeb - ******** TestCase2-Verify-NewsletterPopup End ********
[INFO ] 2023-08-08 01:27:53.658 [main] BoookartWeb - The WebDriver Sesssion Starts successfully.
[INFO ] 2023-08-08 01:27:53.797 [main] BoookartWeb - Window is Maximized successfullly.
[INFO ] 2023-08-08 01:27:58.303 [main] BoookartWeb - *********TestCase1-Verify-Launched-BaseURL Start ********
[INFO ] 2023-08-08 01:27:59.833 [main] BoookartWeb - Verifying ....Home Page URL is Opened or not on browser....
[INFO ] 2023-08-08 01:27:59.939 [main] BoookartWeb - ********TestCase1-Verify-LaunchedBaseURL End********
[INFO ] 2023-08-08 01:27:59.943 [main] BoookartWeb - ********* TestCase2-Verify-NewsletterPopup Start ********
[INFO ] 2023-08-08 01:28:05.712 [main] BoookartWeb - ******** TestCase2-Verify-NewsletterPopup End ********
[INFO ] 2023-08-08 19:34:53.033 [main] BoookartWeb - The WebDriver Sesssion Starts successfully.
[INFO ] 2023-08-08 19:34:53.317 [main] BoookartWeb - Window is Maximized successfullly.
[INFO ] 2023-08-08 19:34:55.826 [main] BoookartWeb - Getting a Base URL on Browser
[INFO ] 2023-08-08 19:34:57.466 [main] BoookartWeb - *********TestCase1-Verify-Launched-BaseURL Start ********
[INFO ] 2023-08-08 19:34:59.003 [main] BoookartWeb - Verifying ....Home Page URL is Opened or not on browser....
[INFO ] 2023-08-08 19:34:59.031 [main] BoookartWeb - ********TestCase1-Verify-LaunchedBaseURL End********
[INFO ] 2023-08-08 19:34:59.036 [main] BoookartWeb - ********* TestCase2-Verify-NewsletterPopup Start ********
[INFO ] 2023-08-08 19:35:05.279 [main] BoookartWeb - ******** TestCase2-Verify-NewsletterPopup End ********
[INFO ] 2023-08-08 19:36:09.627 [main] BoookartWeb - The WebDriver Sesssion Starts successfully.
[INFO ] 2023-08-08 19:36:09.845 [main] BoookartWeb - Window is Maximized successfullly.
[INFO ] 2023-08-08 19:36:12.589 [main] BoookartWeb - Getting a Base URL on Browser
[INFO ] 2023-08-08 19:36:18.773 [main] BoookartWeb - Clicking on User Profile Account Menu 
[INFO ] 2023-08-08 19:36:21.336 [main] BoookartWeb - Clicking on Signup button
[INFO ] 2023-08-08 19:36:22.631 [main] BoookartWeb - TC_Validating_NavigationOf_SignInpage_from_SignUpPage
[INFO ] 2023-08-08 19:36:23.484 [main] BoookartWeb - The current page URL is: https://www.boookart.com/customers/login
[INFO ] 2023-08-08 19:36:23.522 [main] BoookartWeb - The current page Title is: BoookArt: Login
[INFO ] 2023-08-08 19:36:23.530 [main] BoookartWeb - TC_Verify_CustomerSignUp_ForAlready_Registered_Customer
[INFO ] 2023-08-08 19:36:26.730 [main] BoookartWeb - The Error Message for already register customer is :You are already registered with us, Please login
[INFO ] 2023-08-08 19:36:28.834 [main] BoookartWeb - The WebDriver Sesssion Starts successfully.
[INFO ] 2023-08-08 19:36:29.155 [main] BoookartWeb - Window is Maximized successfullly.
[INFO ] 2023-08-08 19:36:31.900 [main] BoookartWeb - Getting a Base URL on Browser
[INFO ] 2023-08-08 19:36:38.077 [main] BoookartWeb - *********Login Scenario Starts ********
[INFO ] 2023-08-08 19:36:38.077 [main] BoookartWeb - Login Step#1: Navigate to Login Page URL.
[INFO ] 2023-08-08 19:36:39.538 [main] BoookartWeb - Login step#2: Verifying that LoginURL is landing on correct page or not
[INFO ] 2023-08-08 19:36:39.552 [main] BoookartWeb - https://www.boookart.com/customers/login
[INFO ] 2023-08-08 19:36:39.560 [main] BoookartWeb - *********Login Scenario Start ********
[INFO ] 2023-08-08 19:36:39.560 [main] BoookartWeb - Login Step #1 : Navigate to Login Page URL.
[INFO ] 2023-08-08 19:36:40.254 [main] BoookartWeb - Login Step #2 : Validate that, actucal Login Page title as expected Login Page Title
[INFO ] 2023-08-08 19:36:40.269 [main] BoookartWeb - The Actual Login Page Title is: BoookArt: Login
[INFO ] 2023-08-08 19:36:40.277 [main] BoookartWeb - Login Step #1 : Navigate to Login Page URL.
[INFO ] 2023-08-08 19:36:40.920 [main] BoookartWeb - Login Step #2 :Enter correct email
[INFO ] 2023-08-08 19:36:41.183 [main] BoookartWeb - Login Step #3 :Enter incorrect password
[INFO ] 2023-08-08 19:36:41.482 [main] BoookartWeb - Login Step #4 :Click on SignIn button to login to account
[INFO ] 2023-08-08 19:36:41.997 [main] BoookartWeb - Login Step #5 : TC_Verfiy that for wrong email, customer able to see error message 'password is incoorect' on Login page screen
[INFO ] 2023-08-08 19:36:42.551 [main] BoookartWeb - The Actual error Message is for invalid passord is : Password is incorrect
[INFO ] 2023-08-08 19:36:42.637 [main] BoookartWeb - Login Step #1 : Navigate to Login Page URL.
[INFO ] 2023-08-08 19:36:43.254 [main] BoookartWeb - Login Step #2 :Enter Correct email
[INFO ] 2023-08-08 19:36:43.476 [main] BoookartWeb - Login Step #3 :Enter correct password
[INFO ] 2023-08-08 19:36:43.754 [main] BoookartWeb - Login Step #4 :Click on SignIn button to login to account
[INFO ] 2023-08-08 19:37:00.707 [main] BoookartWeb - Login Step #5: Closed Newsletter popup after login
[INFO ] 2023-08-08 19:37:37.295 [main] BoookartWeb - Login Step #6: Click on User profile icon
[INFO ] 2023-08-08 19:37:37.634 [main] BoookartWeb - Login Step #7: Verify User can able see welcome mesaaege as 'Hello' 
[INFO ] 2023-08-08 19:37:37.674 [main] BoookartWeb - Verify with Valid Login Credentials - Passed
[INFO ] 2023-08-08 19:37:39.811 [main] BoookartWeb - The WebDriver Sesssion Starts successfully.
[INFO ] 2023-08-08 19:37:39.987 [main] BoookartWeb - Window is Maximized successfullly.
[INFO ] 2023-08-08 19:37:42.747 [main] BoookartWeb - Getting a Base URL on Browser
[INFO ] 2023-08-08 19:37:53.006 [main] BoookartWeb - The WebDriver Sesssion Starts successfully.
[INFO ] 2023-08-08 19:37:53.310 [main] BoookartWeb - Window is Maximized successfullly.
[INFO ] 2023-08-08 19:37:56.339 [main] BoookartWeb - Getting a Base URL on Browser
[INFO ] 2023-08-08 19:38:44.009 [main] BoookartWeb - The WebDriver Sesssion Starts successfully.
[INFO ] 2023-08-08 19:38:44.331 [main] BoookartWeb - Window is Maximized successfullly.
[INFO ] 2023-08-08 19:38:46.946 [main] BoookartWeb - Getting a Base URL on Browser
[INFO ] 2023-08-08 19:38:57.971 [main] BoookartWeb - The WebDriver Sesssion Starts successfully.
[INFO ] 2023-08-08 19:38:58.266 [main] BoookartWeb - Window is Maximized successfullly.
[INFO ] 2023-08-08 19:39:00.771 [main] BoookartWeb - Getting a Base URL on Browser
[INFO ] 2023-08-08 19:39:09.750 [main] BoookartWeb - *********TestCase1-Verify-Launched-BaseURL Start ********
[INFO ] 2023-08-08 19:39:11.527 [main] BoookartWeb - Verifying ....Home Page URL is Opened or not on browser....
[INFO ] 2023-08-08 19:39:11.697 [main] BoookartWeb - ********TestCase1-Verify-LaunchedBaseURL End********
[INFO ] 2023-08-08 19:39:14.431 [main] BoookartWeb - ********* TestCase2-Verify-NewsletterPopup Start ********
[INFO ] 2023-08-08 19:39:50.828 [main] BoookartWeb - ******** TestCase2-Verify-NewsletterPopup End ********
[INFO ] 2023-08-08 19:43:21.405 [main] BoookartWeb - The WebDriver Sesssion Starts successfully.
[INFO ] 2023-08-08 19:43:21.552 [main] BoookartWeb - Window is Maximized successfullly.
[INFO ] 2023-08-08 19:43:24.230 [main] BoookartWeb - Getting a Base URL on Browser
[INFO ] 2023-08-08 19:43:33.059 [main] BoookartWeb - *********TestCase1-Verify-Launched-BaseURL Start ********
[INFO ] 2023-08-08 19:43:34.862 [main] BoookartWeb - Verifying ....Home Page URL is Opened or not on browser....
[INFO ] 2023-08-08 19:43:35.139 [main] BoookartWeb - ********TestCase1-Verify-LaunchedBaseURL End********
[INFO ] 2023-08-08 19:43:37.700 [main] BoookartWeb - ********* TestCase2-Verify-NewsletterPopup Start ********
[INFO ] 2023-08-08 19:44:14.337 [main] BoookartWeb - ******** TestCase2-Verify-NewsletterPopup End ********
[INFO ] 2023-08-08 19:57:34.805 [main] BoookartWeb - The WebDriver Sesssion Starts successfully.
[INFO ] 2023-08-08 19:57:34.973 [main] BoookartWeb - Window is Maximized successfullly.
[INFO ] 2023-08-08 19:57:37.801 [main] BoookartWeb - Getting a Base URL on Browser
[INFO ] 2023-08-08 19:57:46.543 [main] BoookartWeb - *********TestCase1-Verify-Launched-BaseURL Start ********
[INFO ] 2023-08-08 19:57:48.630 [main] BoookartWeb - Verifying ....Home Page URL is Opened or not on browser....
[INFO ] 2023-08-08 19:57:48.656 [main] BoookartWeb - ********TestCase1-Verify-LaunchedBaseURL End********
[INFO ] 2023-08-08 19:58:09.779 [main] BoookartWeb - ********* TestCase2-Verify-NewsletterPopup Start ********
[INFO ] 2023-08-08 19:58:45.922 [main] BoookartWeb - ******** TestCase2-Verify-NewsletterPopup End ********
[INFO ] 2023-08-08 20:04:45.970 [main] BoookartWeb - The WebDriver Sesssion Starts successfully.
[INFO ] 2023-08-08 20:04:46.122 [main] BoookartWeb - Window is Maximized successfullly.
[INFO ] 2023-08-08 20:04:49.025 [main] BoookartWeb - Getting a Base URL on Browser
[INFO ] 2023-08-08 20:06:46.109 [main] BoookartWeb - *********TestCase1-Verify-Launched-BaseURL Start ********
[INFO ] 2023-08-08 20:06:48.786 [main] BoookartWeb - Verifying ....Home Page URL is Opened or not on browser....
[INFO ] 2023-08-08 20:06:48.881 [main] BoookartWeb - ********TestCase1-Verify-LaunchedBaseURL End********
[INFO ] 2023-08-08 20:07:09.355 [main] BoookartWeb - ********* TestCase2-Verify-NewsletterPopup Start ********
[INFO ] 2023-08-08 20:09:34.512 [main] BoookartWeb - The WebDriver Sesssion Starts successfully.
[INFO ] 2023-08-08 20:09:34.666 [main] BoookartWeb - Window is Maximized successfullly.
[INFO ] 2023-08-08 20:09:39.531 [main] BoookartWeb - Getting a Base URL on Browser
[INFO ] 2023-08-08 20:11:41.923 [main] BoookartWeb - The WebDriver Sesssion Starts successfully.
[INFO ] 2023-08-08 20:11:42.072 [main] BoookartWeb - Window is Maximized successfullly.
[INFO ] 2023-08-08 20:11:52.654 [main] BoookartWeb - Getting a Base URL on Browser
[INFO ] 2023-08-08 20:11:56.483 [main] BoookartWeb - *********TestCase1-Verify-Launched-BaseURL Start ********
[INFO ] 2023-08-08 20:11:59.403 [main] BoookartWeb - Verifying ....Home Page URL is Opened or not on browser....
[INFO ] 2023-08-08 20:11:59.417 [main] BoookartWeb - ********TestCase1-Verify-LaunchedBaseURL End********
[INFO ] 2023-08-08 20:11:59.429 [main] BoookartWeb - ********* TestCase2-Verify-NewsletterPopup Start ********
[INFO ] 2023-08-08 20:12:05.651 [main] BoookartWeb - ******** TestCase2-Verify-NewsletterPopup End ********
[INFO ] 2023-08-08 20:12:54.091 [main] BoookartWeb - The WebDriver Sesssion Starts successfully.
[INFO ] 2023-08-08 20:12:54.372 [main] BoookartWeb - Window is Maximized successfullly.
[INFO ] 2023-08-08 20:12:58.356 [main] BoookartWeb - Getting a Base URL on Browser
[INFO ] 2023-08-08 20:13:04.526 [main] BoookartWeb - Clicking on User Profile Account Menu 
[INFO ] 2023-08-08 20:13:06.992 [main] BoookartWeb - Clicking on Signup button
[INFO ] 2023-08-08 20:13:08.465 [main] BoookartWeb - TC_Validating_NavigationOf_SignInpage_from_SignUpPage
[INFO ] 2023-08-08 20:13:09.958 [main] BoookartWeb - The current page URL is: https://www.boookart.com/customers/login
[INFO ] 2023-08-08 20:13:09.969 [main] BoookartWeb - The current page Title is: BoookArt: Login
[INFO ] 2023-08-08 20:13:09.974 [main] BoookartWeb - TC_Verify_CustomerSignUp_ForAlready_Registered_Customer
[INFO ] 2023-08-08 20:13:13.271 [main] BoookartWeb - The Error Message for already register customer is :You are already registered with us, Please login
[INFO ] 2023-08-08 20:13:15.242 [main] BoookartWeb - The WebDriver Sesssion Starts successfully.
[INFO ] 2023-08-08 20:13:15.481 [main] BoookartWeb - Window is Maximized successfullly.
[INFO ] 2023-08-08 20:13:20.989 [main] BoookartWeb - Getting a Base URL on Browser
[INFO ] 2023-08-08 20:13:27.207 [main] BoookartWeb - *********Login Scenario Starts ********
[INFO ] 2023-08-08 20:13:27.207 [main] BoookartWeb - Login Step#1: Navigate to Login Page URL.
[INFO ] 2023-08-08 20:13:30.167 [main] BoookartWeb - Login step#2: Verifying that LoginURL is landing on correct page or not
[INFO ] 2023-08-08 20:13:30.178 [main] BoookartWeb - https://www.boookart.com/customers/login
[INFO ] 2023-08-08 20:13:30.183 [main] BoookartWeb - *********Login Scenario Start ********
[INFO ] 2023-08-08 20:13:30.183 [main] BoookartWeb - Login Step #1 : Navigate to Login Page URL.
[INFO ] 2023-08-08 20:13:31.399 [main] BoookartWeb - Login Step #2 : Validate that, actucal Login Page title as expected Login Page Title
[INFO ] 2023-08-08 20:13:31.429 [main] BoookartWeb - The Actual Login Page Title is: BoookArt: Login
[INFO ] 2023-08-08 20:13:31.433 [main] BoookartWeb - Login Step #1 : Navigate to Login Page URL.
[INFO ] 2023-08-08 20:13:32.393 [main] BoookartWeb - Login Step #2 :Enter correct email
[INFO ] 2023-08-08 20:13:32.687 [main] BoookartWeb - Login Step #3 :Enter incorrect password
[INFO ] 2023-08-08 20:13:33.030 [main] BoookartWeb - Login Step #4 :Click on SignIn button to login to account
[INFO ] 2023-08-08 20:13:34.266 [main] BoookartWeb - Login Step #5 : TC_Verfiy that for wrong email, customer able to see error message 'password is incoorect' on Login page screen
[INFO ] 2023-08-08 20:13:34.319 [main] BoookartWeb - The Actual error Message is for invalid passord is : Password is incorrect
[INFO ] 2023-08-08 20:13:34.451 [main] BoookartWeb - Login Step #1 : Navigate to Login Page URL.
[INFO ] 2023-08-08 20:13:35.712 [main] BoookartWeb - Login Step #2 :Enter Correct email
[INFO ] 2023-08-08 20:13:35.943 [main] BoookartWeb - Login Step #3 :Enter correct password
[INFO ] 2023-08-08 20:13:36.224 [main] BoookartWeb - Login Step #4 :Click on SignIn button to login to account
[INFO ] 2023-08-08 20:13:57.204 [main] BoookartWeb - Login Step #5: Closed Newsletter popup after login
[INFO ] 2023-08-08 20:14:33.803 [main] BoookartWeb - Login Step #6: Click on User profile icon
[INFO ] 2023-08-08 20:14:34.142 [main] BoookartWeb - Login Step #7: Verify User can able see welcome mesaaege as 'Hello' 
[INFO ] 2023-08-08 20:14:34.236 [main] BoookartWeb - Verify with Valid Login Credentials - Passed
[INFO ] 2023-08-08 20:14:36.185 [main] BoookartWeb - The WebDriver Sesssion Starts successfully.
[INFO ] 2023-08-08 20:14:36.497 [main] BoookartWeb - Window is Maximized successfullly.
[INFO ] 2023-08-08 20:14:42.081 [main] BoookartWeb - Getting a Base URL on Browser
[INFO ] 2023-08-08 20:14:52.147 [main] BoookartWeb - The WebDriver Sesssion Starts successfully.
[INFO ] 2023-08-08 20:14:52.532 [main] BoookartWeb - Window is Maximized successfullly.
[INFO ] 2023-08-08 20:14:59.078 [main] BoookartWeb - Getting a Base URL on Browser
[INFO ] 2023-08-08 20:15:57.429 [main] BoookartWeb - The WebDriver Sesssion Starts successfully.
[INFO ] 2023-08-08 20:15:57.699 [main] BoookartWeb - Window is Maximized successfullly.
[INFO ] 2023-08-08 20:16:04.261 [main] BoookartWeb - Getting a Base URL on Browser
[INFO ] 2023-08-08 20:16:23.594 [main] BoookartWeb - The WebDriver Sesssion Starts successfully.
[INFO ] 2023-08-08 20:16:23.906 [main] BoookartWeb - Window is Maximized successfullly.
[INFO ] 2023-08-08 20:16:32.173 [main] BoookartWeb - Getting a Base URL on Browser
[INFO ] 2023-08-08 20:51:00.167 [main] BoookartWeb - The WebDriver Sesssion Starts successfully.
[INFO ] 2023-08-08 20:51:00.435 [main] BoookartWeb - Window is Maximized successfullly.
[INFO ] 2023-08-08 20:51:11.482 [main] BoookartWeb - Getting a Base URL on Browser
[INFO ] 2023-08-08 20:51:13.877 [main] BoookartWeb - *********TestCase1-Verify-Launched-BaseURL Start ********
[INFO ] 2023-08-08 20:51:15.792 [main] BoookartWeb - Verifying ....Home Page URL is Opened or not on browser....
[INFO ] 2023-08-08 20:51:15.826 [main] BoookartWeb - ********TestCase1-Verify-LaunchedBaseURL End********
[INFO ] 2023-08-08 20:51:15.828 [main] BoookartWeb - ********* TestCase2-Verify-NewsletterPopup Start ********
[INFO ] 2023-08-08 20:51:22.106 [main] BoookartWeb - ******** TestCase2-Verify-NewsletterPopup End ********
[INFO ] 2023-08-08 20:53:00.048 [main] BoookartWeb - The WebDriver Sesssion Starts successfully.
[INFO ] 2023-08-08 20:53:00.325 [main] BoookartWeb - Window is Maximized successfullly.
[INFO ] 2023-08-08 20:53:05.829 [main] BoookartWeb - Getting a Base URL on Browser
[INFO ] 2023-08-08 20:53:11.939 [main] BoookartWeb - Clicking on User Profile Account Menu 
[INFO ] 2023-08-08 20:53:14.382 [main] BoookartWeb - Clicking on Signup button
[INFO ] 2023-08-08 20:53:16.127 [main] BoookartWeb - TC_Validating_NavigationOf_SignInpage_from_SignUpPage
[INFO ] 2023-08-08 20:53:17.307 [main] BoookartWeb - The current page URL is: https://www.boookart.com/customers/login
[INFO ] 2023-08-08 20:53:17.313 [main] BoookartWeb - The current page Title is: BoookArt: Login
[INFO ] 2023-08-08 20:53:17.316 [main] BoookartWeb - TC_Verify_CustomerSignUp_ForAlready_Registered_Customer
[INFO ] 2023-08-08 20:53:23.983 [main] BoookartWeb - The WebDriver Sesssion Starts successfully.
[INFO ] 2023-08-08 20:53:24.306 [main] BoookartWeb - Window is Maximized successfullly.
[INFO ] 2023-08-08 20:53:30.860 [main] BoookartWeb - Getting a Base URL on Browser
[INFO ] 2023-08-08 20:53:37.006 [main] BoookartWeb - *********Login Scenario Starts ********
[INFO ] 2023-08-08 20:53:37.007 [main] BoookartWeb - Login Step#1: Navigate to Login Page URL.
[INFO ] 2023-08-08 20:53:39.335 [main] BoookartWeb - Login step#2: Verifying that LoginURL is landing on correct page or not
[INFO ] 2023-08-08 20:53:39.341 [main] BoookartWeb - https://www.boookart.com/customers/login
[INFO ] 2023-08-08 20:53:39.344 [main] BoookartWeb - *********Login Scenario Start ********
[INFO ] 2023-08-08 20:53:39.344 [main] BoookartWeb - Login Step #1 : Navigate to Login Page URL.
[INFO ] 2023-08-08 20:53:40.464 [main] BoookartWeb - Login Step #2 : Validate that, actucal Login Page title as expected Login Page Title
[INFO ] 2023-08-08 20:53:40.473 [main] BoookartWeb - The Actual Login Page Title is: BoookArt: Login
[INFO ] 2023-08-08 20:53:40.475 [main] BoookartWeb - Login Step #1 : Navigate to Login Page URL.
[INFO ] 2023-08-08 20:53:41.706 [main] BoookartWeb - Login Step #2 :Enter correct email
[INFO ] 2023-08-08 20:53:41.889 [main] BoookartWeb - Login Step #3 :Enter incorrect password
[INFO ] 2023-08-08 20:53:42.138 [main] BoookartWeb - Login Step #4 :Click on SignIn button to login to account
[INFO ] 2023-08-08 20:53:42.990 [main] BoookartWeb - Login Step #5 : TC_Verfiy that for wrong email, customer able to see error message 'password is incoorect' on Login page screen
[INFO ] 2023-08-08 20:53:43.046 [main] BoookartWeb - The Actual error Message is for invalid passord is : Password is incorrect
[INFO ] 2023-08-08 20:53:43.138 [main] BoookartWeb - Login Step #1 : Navigate to Login Page URL.
[INFO ] 2023-08-08 20:53:44.971 [main] BoookartWeb - Login Step #2 :Enter Correct email
[INFO ] 2023-08-08 20:53:45.179 [main] BoookartWeb - Login Step #3 :Enter correct password
[INFO ] 2023-08-08 20:53:45.453 [main] BoookartWeb - Login Step #4 :Click on SignIn button to login to account
[INFO ] 2023-08-08 20:54:06.150 [main] BoookartWeb - Login Step #5: Closed Newsletter popup after login
[INFO ] 2023-08-08 20:54:42.566 [main] BoookartWeb - Login Step #6: Click on User profile icon
[INFO ] 2023-08-08 20:54:42.892 [main] BoookartWeb - Login Step #7: Verify User can able see welcome mesaaege as 'Hello' 
[INFO ] 2023-08-08 20:54:42.935 [main] BoookartWeb - Verify with Valid Login Credentials - Passed
[INFO ] 2023-08-08 20:54:44.824 [main] BoookartWeb - The WebDriver Sesssion Starts successfully.
[INFO ] 2023-08-08 20:54:45.117 [main] BoookartWeb - Window is Maximized successfullly.
[INFO ] 2023-08-08 20:54:49.127 [main] BoookartWeb - Getting a Base URL on Browser
[INFO ] 2023-08-08 20:54:57.994 [main] BoookartWeb - The WebDriver Sesssion Starts successfully.
[INFO ] 2023-08-08 20:54:58.290 [main] BoookartWeb - Window is Maximized successfullly.
[INFO ] 2023-08-08 20:55:10.123 [main] BoookartWeb - Getting a Base URL on Browser
[INFO ] 2023-08-08 20:56:30.985 [main] BoookartWeb - The WebDriver Sesssion Starts successfully.
[INFO ] 2023-08-08 20:56:31.341 [main] BoookartWeb - Window is Maximized successfullly.
[INFO ] 2023-08-08 20:56:35.157 [main] BoookartWeb - Getting a Base URL on Browser
[INFO ] 2023-08-08 20:56:52.211 [main] BoookartWeb - The WebDriver Sesssion Starts successfully.
[INFO ] 2023-08-08 20:56:52.517 [main] BoookartWeb - Window is Maximized successfullly.
[INFO ] 2023-08-08 20:56:56.683 [main] BoookartWeb - Getting a Base URL on Browser
[INFO ] 2023-08-08 20:57:07.353 [main] BoookartWeb - *********TestCase1-Verify-Launched-BaseURL Start ********
[INFO ] 2023-08-08 20:57:09.323 [main] BoookartWeb - Verifying ....Home Page URL is Opened or not on browser....
[INFO ] 2023-08-08 20:57:09.451 [main] BoookartWeb - ********TestCase1-Verify-LaunchedBaseURL End********
[INFO ] 2023-08-08 20:57:12.043 [main] BoookartWeb - ********* TestCase2-Verify-NewsletterPopup Start ********
[INFO ] 2023-08-08 20:57:48.298 [main] BoookartWeb - ******** TestCase2-Verify-NewsletterPopup End ********
[INFO ] 2023-08-09 08:19:55.982 [main] BoookartWeb - The WebDriver Sesssion Starts successfully.
[INFO ] 2023-08-09 08:19:56.134 [main] BoookartWeb - Window is Maximized successfullly.
[INFO ] 2023-08-09 08:19:59.954 [main] BoookartWeb - Getting a Base URL on Browser
[INFO ] 2023-08-09 08:20:06.209 [main] BoookartWeb - *********Login Scenario Starts ********
[INFO ] 2023-08-09 08:20:06.210 [main] BoookartWeb - Login Step#1: Navigate to Login Page URL.
[INFO ] 2023-08-09 08:20:07.457 [main] BoookartWeb - Login step#2: Verifying that LoginURL is landing on correct page or not
[INFO ] 2023-08-09 08:20:07.468 [main] BoookartWeb - https://www.boookart.com/customers/login
[INFO ] 2023-08-09 08:20:07.481 [main] BoookartWeb - *********Login Scenario Start ********
[INFO ] 2023-08-09 08:20:07.481 [main] BoookartWeb - Login Step #1 : Navigate to Login Page URL.
[INFO ] 2023-08-09 08:20:08.056 [main] BoookartWeb - Login Step #2 : Validate that, actucal Login Page title as expected Login Page Title
[INFO ] 2023-08-09 08:20:08.068 [main] BoookartWeb - The Actual Login Page Title is: BoookArt: Login
[INFO ] 2023-08-09 08:20:08.074 [main] BoookartWeb - Login Step #1 : Navigate to Login Page URL.
[INFO ] 2023-08-09 08:20:08.721 [main] BoookartWeb - Login Step #2 :Enter correct email
[INFO ] 2023-08-09 08:20:09.013 [main] BoookartWeb - Login Step #3 :Enter incorrect password
[INFO ] 2023-08-09 08:20:09.279 [main] BoookartWeb - Login Step #4 :Click on SignIn button to login to account
[INFO ] 2023-08-09 08:20:10.134 [main] BoookartWeb - Login Step #5 : TC_Verfiy that for wrong email, customer able to see error message 'password is incoorect' on Login page screen
[INFO ] 2023-08-09 08:20:10.174 [main] BoookartWeb - The Actual error Message is for invalid passord is : Password is incorrect
[INFO ] 2023-08-09 08:20:10.294 [main] BoookartWeb - Login Step #1 : Navigate to Login Page URL.
[INFO ] 2023-08-09 08:20:10.943 [main] BoookartWeb - Login Step #2 :Enter Correct email
[INFO ] 2023-08-09 08:20:11.130 [main] BoookartWeb - Login Step #3 :Enter correct password
[INFO ] 2023-08-09 08:20:11.386 [main] BoookartWeb - Login Step #4 :Click on SignIn button to login to account
[INFO ] 2023-08-09 08:20:18.891 [main] BoookartWeb - Login Step #5: Closed Newsletter popup after login
[INFO ] 2023-08-09 08:20:55.146 [main] BoookartWeb - Login Step #6: Click on User profile icon
[INFO ] 2023-08-09 08:20:55.447 [main] BoookartWeb - Login Step #7: Verify User can able see welcome mesaaege as 'Hello' 
[INFO ] 2023-08-09 08:22:00.596 [main] BoookartWeb - The WebDriver Sesssion Starts successfully.
[INFO ] 2023-08-09 08:22:00.739 [main] BoookartWeb - Window is Maximized successfullly.
[INFO ] 2023-08-09 08:22:03.161 [main] BoookartWeb - Getting a Base URL on Browser
[INFO ] 2023-08-09 08:22:09.365 [main] BoookartWeb - *********Login Scenario Starts ********
[INFO ] 2023-08-09 08:22:09.366 [main] BoookartWeb - Login Step#1: Navigate to Login Page URL.
[INFO ] 2023-08-09 08:22:10.513 [main] BoookartWeb - Login step#2: Verifying that LoginURL is landing on correct page or not
[INFO ] 2023-08-09 08:22:10.523 [main] BoookartWeb - https://www.boookart.com/customers/login
[INFO ] 2023-08-09 08:22:10.539 [main] BoookartWeb - *********Login Scenario Start ********
[INFO ] 2023-08-09 08:22:10.539 [main] BoookartWeb - Login Step #1 : Navigate to Login Page URL.
[INFO ] 2023-08-09 08:22:11.129 [main] BoookartWeb - Login Step #2 : Validate that, actucal Login Page title as expected Login Page Title
[INFO ] 2023-08-09 08:22:11.143 [main] BoookartWeb - The Actual Login Page Title is: BoookArt: Login
[INFO ] 2023-08-09 08:22:11.151 [main] BoookartWeb - Login Step #1 : Navigate to Login Page URL.
[INFO ] 2023-08-09 08:22:11.826 [main] BoookartWeb - Login Step #2 :Enter Correct email
[INFO ] 2023-08-09 08:22:12.108 [main] BoookartWeb - Login Step #3 :Enter correct password
[INFO ] 2023-08-09 08:22:12.396 [main] BoookartWeb - Login Step #4 :Click on SignIn button to login to account
[INFO ] 2023-08-09 08:22:19.868 [main] BoookartWeb - Login Step #5: Closed Newsletter popup after login
[INFO ] 2023-08-09 08:22:56.276 [main] BoookartWeb - Login Step #6: Click on User profile icon
[INFO ] 2023-08-09 08:22:56.489 [main] BoookartWeb - Login Step #7: Verify User can able see welcome mesaaege as 'Hello' 
[INFO ] 2023-08-09 08:27:39.465 [main] BoookartWeb - The WebDriver Sesssion Starts successfully.
[INFO ] 2023-08-09 08:27:39.589 [main] BoookartWeb - Window is Maximized successfullly.
[INFO ] 2023-08-09 08:27:41.966 [main] BoookartWeb - Getting a Base URL on Browser
[INFO ] 2023-09-06 09:23:46.869 [main] BoookartWeb - The WebDriver Sesssion Starts successfully.
[INFO ] 2023-09-06 09:23:47.013 [main] BoookartWeb - Window is Maximized successfullly.
[INFO ] 2023-09-06 09:23:50.221 [main] BoookartWeb - Getting a Base URL on Browser
[INFO ] 2023-09-06 09:23:52.492 [main] BoookartWeb - *********TestCase1-Verify-Launched-BaseURL Start ********
[INFO ] 2023-09-06 09:23:54.402 [main] BoookartWeb - Verifying ....Home Page URL is Opened or not on browser....
[INFO ] 2023-09-06 09:23:54.455 [main] BoookartWeb - ********TestCase1-Verify-LaunchedBaseURL End********
[INFO ] 2023-09-06 09:23:54.455 [main] BoookartWeb - ********* TestCase2-Verify-NewsletterPopup Start ********
[INFO ] 2023-09-06 09:24:00.781 [main] BoookartWeb - ******** TestCase2-Verify-NewsletterPopup End ********
[INFO ] 2023-09-06 09:25:04.378 [main] BoookartWeb - The WebDriver Sesssion Starts successfully.
[INFO ] 2023-09-06 09:25:04.527 [main] BoookartWeb - Window is Maximized successfullly.
[INFO ] 2023-09-06 09:25:09.684 [main] BoookartWeb - Getting a Base URL on Browser
[INFO ] 2023-09-06 09:25:15.816 [main] BoookartWeb - Clicking on User Profile Account Menu 
[INFO ] 2023-09-06 09:25:18.242 [main] BoookartWeb - Clicking on Signup button
[INFO ] 2023-09-06 09:25:19.489 [main] BoookartWeb - TC_Validating_NavigationOf_SignInpage_from_SignUpPage
[INFO ] 2023-09-06 09:25:20.185 [main] BoookartWeb - The current page URL is: https://www.boookart.com/customers/login
[INFO ] 2023-09-06 09:25:20.191 [main] BoookartWeb - The current page Title is: BoookArt: Login
[INFO ] 2023-09-06 09:25:20.191 [main] BoookartWeb - TC_Verify_CustomerSignUp_ForAlready_Registered_Customer
[INFO ] 2023-09-06 09:25:22.805 [main] BoookartWeb - The Error Message for already register customer is :You are already registered with us, Please login
[INFO ] 2023-09-06 09:25:24.390 [main] BoookartWeb - The WebDriver Sesssion Starts successfully.
[INFO ] 2023-09-06 09:25:24.522 [main] BoookartWeb - Window is Maximized successfullly.
[INFO ] 2023-09-06 09:25:27.747 [main] BoookartWeb - Getting a Base URL on Browser
[INFO ] 2023-09-06 09:25:33.886 [main] BoookartWeb - *********Login Scenario Starts ********
[INFO ] 2023-09-06 09:25:33.887 [main] BoookartWeb - Login Step#1: Navigate to Login Page URL.
[INFO ] 2023-09-06 09:25:34.945 [main] BoookartWeb - Login step#2: Verifying that LoginURL is landing on correct page or not
[INFO ] 2023-09-06 09:25:34.955 [main] BoookartWeb - https://www.boookart.com/customers/login
[INFO ] 2023-09-06 09:25:34.955 [main] BoookartWeb - *********Login Scenario Start ********
[INFO ] 2023-09-06 09:25:34.955 [main] BoookartWeb - Login Step #1 : Navigate to Login Page URL.
[INFO ] 2023-09-06 09:25:35.528 [main] BoookartWeb - Login Step #2 : Validate that, actucal Login Page title as expected Login Page Title
[INFO ] 2023-09-06 09:25:35.538 [main] BoookartWeb - The Actual Login Page Title is: BoookArt: Login
[INFO ] 2023-09-06 09:25:35.538 [main] BoookartWeb - Login Step #1 : Navigate to Login Page URL.
[INFO ] 2023-09-06 09:25:36.127 [main] BoookartWeb - Login Step #2 :Enter correct email
[INFO ] 2023-09-06 09:25:36.361 [main] BoookartWeb - Login Step #3 :Enter incorrect password
[INFO ] 2023-09-06 09:25:36.512 [main] BoookartWeb - Login Step #4 :Click on SignIn button to login to account
[INFO ] 2023-09-06 09:25:36.979 [main] BoookartWeb - Login Step #5 : TC_Verfiy that for wrong email, customer able to see error message 'password is incoorect' on Login page screen
[INFO ] 2023-09-06 09:25:37.327 [main] BoookartWeb - The Actual error Message is for invalid passord is : Password is incorrect
[INFO ] 2023-09-06 09:25:37.415 [main] BoookartWeb - Login Step #1 : Navigate to Login Page URL.
[INFO ] 2023-09-06 09:25:38.045 [main] BoookartWeb - Login Step #2 :Enter Correct email
[INFO ] 2023-09-06 09:25:38.265 [main] BoookartWeb - Login Step #3 :Enter correct password
[INFO ] 2023-09-06 09:25:38.404 [main] BoookartWeb - Login Step #4 :Click on SignIn button to login to account
[INFO ] 2023-09-06 09:26:02.098 [main] BoookartWeb - Login Step #5: Closed Newsletter popup after login
[INFO ] 2023-09-06 09:26:38.142 [main] BoookartWeb - Login Step #6: Click on User profile icon
[INFO ] 2023-09-06 09:26:38.396 [main] BoookartWeb - Login Step #7: Verify User can able see welcome mesaaege as 'Hello' 
[INFO ] 2023-09-06 09:26:38.434 [main] BoookartWeb - Verify with Valid Login Credentials - Passed
[INFO ] 2023-09-06 09:26:39.812 [main] BoookartWeb - The WebDriver Sesssion Starts successfully.
[INFO ] 2023-09-06 09:26:39.947 [main] BoookartWeb - Window is Maximized successfullly.
[INFO ] 2023-09-06 09:26:43.411 [main] BoookartWeb - Getting a Base URL on Browser
[INFO ] 2023-09-06 09:26:53.386 [main] BoookartWeb - The WebDriver Sesssion Starts successfully.
[INFO ] 2023-09-06 09:26:53.521 [main] BoookartWeb - Window is Maximized successfullly.
[INFO ] 2023-09-06 09:26:56.929 [main] BoookartWeb - Getting a Base URL on Browser
[INFO ] 2023-09-06 09:27:39.813 [main] BoookartWeb - The WebDriver Sesssion Starts successfully.
[INFO ] 2023-09-06 09:27:39.938 [main] BoookartWeb - Window is Maximized successfullly.
[INFO ] 2023-09-06 09:27:43.185 [main] BoookartWeb - Getting a Base URL on Browser
[INFO ] 2023-09-06 09:27:54.220 [main] BoookartWeb - The WebDriver Sesssion Starts successfully.
[INFO ] 2023-09-06 09:27:54.374 [main] BoookartWeb - Window is Maximized successfullly.
[INFO ] 2023-09-06 09:27:57.702 [main] BoookartWeb - Getting a Base URL on Browser
[INFO ] 2023-10-25 23:08:41.765 [main] BoookartWeb - The WebDriver Sesssion Starts successfully.
[INFO ] 2023-10-25 23:08:41.901 [main] BoookartWeb - Window is Maximized successfullly.
[INFO ] 2023-10-25 23:08:45.783 [main] BoookartWeb - Getting a Base URL on Browser
[INFO ] 2023-10-25 23:08:47.702 [main] BoookartWeb - *********TestCase1-Verify-Launched-BaseURL Start ********
[INFO ] 2023-10-25 23:08:49.251 [main] BoookartWeb - Verifying ....Home Page URL is Opened or not on browser....
[INFO ] 2023-10-25 23:08:49.269 [main] BoookartWeb - ********TestCase1-Verify-LaunchedBaseURL End********
[INFO ] 2023-10-25 23:08:49.275 [main] BoookartWeb - ********* TestCase2-Verify-NewsletterPopup Start ********
[INFO ] 2023-10-25 23:08:55.511 [main] BoookartWeb - ******** TestCase2-Verify-NewsletterPopup End ********
[INFO ] 2023-12-02 20:08:53.466 [main] BoookartWeb - The WebDriver Sesssion Starts successfully.
[INFO ] 2023-12-02 20:08:53.610 [main] BoookartWeb - Window is Maximized successfullly.
[INFO ] 2023-12-02 20:08:57.124 [main] BoookartWeb - Getting a Base URL on Browser
[INFO ] 2023-12-02 20:09:03.504 [main] BoookartWeb - Clicking on User Profile Account Menu 
[INFO ] 2023-12-02 20:09:06.114 [main] BoookartWeb - Clicking on Signup button
[INFO ] 2023-12-02 20:09:07.765 [main] BoookartWeb - TC_Validating_NavigationOf_SignInpage_from_SignUpPage
[INFO ] 2023-12-02 20:09:08.805 [main] BoookartWeb - The current page URL is: https://www.boookart.com/customers/login
[INFO ] 2023-12-02 20:09:08.844 [main] BoookartWeb - The current page Title is: BoookArt: Login
[INFO ] 2023-12-02 20:09:08.862 [main] BoookartWeb - TC_Verify_CustomerSignUp_ForAlready_Registered_Customer
[INFO ] 2023-12-02 20:09:12.178 [main] BoookartWeb - The Error Message for already register customer is :You are already registered with us, Please login
[INFO ] 2023-12-02 20:16:09.360 [main] BoookartWeb - The WebDriver Sesssion Starts successfully.
[INFO ] 2023-12-02 20:16:09.500 [main] BoookartWeb - Window is Maximized successfullly.
[INFO ] 2023-12-02 20:16:12.853 [main] BoookartWeb - Getting a Base URL on Browser
[INFO ] 2023-12-02 20:16:15.173 [main] BoookartWeb - *********TestCase1-Verify-Launched-BaseURL Start ********
[INFO ] 2023-12-02 20:16:17.171 [main] BoookartWeb - Verifying ....Home Page URL is Opened or not on browser....
[INFO ] 2023-12-02 20:16:17.252 [main] BoookartWeb - ********TestCase1-Verify-LaunchedBaseURL End********
[INFO ] 2023-12-02 20:16:17.260 [main] BoookartWeb - ********* TestCase2-Verify-NewsletterPopup Start ********
[INFO ] 2023-12-02 20:16:23.664 [main] BoookartWeb - ******** TestCase2-Verify-NewsletterPopup End ********
[INFO ] 2023-12-02 20:18:05.680 [main] BoookartWeb - The WebDriver Sesssion Starts successfully.
[INFO ] 2023-12-02 20:18:05.831 [main] BoookartWeb - Window is Maximized successfullly.
[INFO ] 2023-12-02 20:18:11.180 [main] BoookartWeb - Getting a Base URL on Browser
[INFO ] 2023-12-02 20:18:17.376 [main] BoookartWeb - Clicking on User Profile Account Menu 
[INFO ] 2023-12-02 20:18:20.004 [main] BoookartWeb - Clicking on Signup button
[INFO ] 2023-12-02 20:18:21.559 [main] BoookartWeb - TC_Validating_NavigationOf_SignInpage_from_SignUpPage
[INFO ] 2023-12-02 20:18:22.664 [main] BoookartWeb - The current page URL is: https://www.boookart.com/customers/login
[INFO ] 2023-12-02 20:18:22.677 [main] BoookartWeb - The current page Title is: BoookArt: Login
[INFO ] 2023-12-02 20:18:22.680 [main] BoookartWeb - TC_Verify_CustomerSignUp_ForAlready_Registered_Customer
[INFO ] 2023-12-02 20:18:26.249 [main] BoookartWeb - The Error Message for already register customer is :You are already registered with us, Please login
[INFO ] 2023-12-02 20:18:28.246 [main] BoookartWeb - The WebDriver Sesssion Starts successfully.
[INFO ] 2023-12-02 20:18:28.451 [main] BoookartWeb - Window is Maximized successfullly.
[INFO ] 2023-12-02 20:18:31.677 [main] BoookartWeb - Getting a Base URL on Browser
[INFO ] 2023-12-02 20:18:38.067 [main] BoookartWeb - *********Login Scenario Starts ********
[INFO ] 2023-12-02 20:18:38.067 [main] BoookartWeb - Login Step#1: Navigate to Login Page URL.
[INFO ] 2023-12-02 20:18:39.547 [main] BoookartWeb - Login step#2: Verifying that LoginURL is landing on correct page or not
[INFO ] 2023-12-02 20:18:39.593 [main] BoookartWeb - https://www.boookart.com/customers/login
[INFO ] 2023-12-02 20:18:39.605 [main] BoookartWeb - *********Login Scenario Start ********
[INFO ] 2023-12-02 20:18:39.605 [main] BoookartWeb - Login Step #1 : Navigate to Login Page URL.
[INFO ] 2023-12-02 20:18:40.520 [main] BoookartWeb - Login Step #2 : Validate that, actucal Login Page title as expected Login Page Title
[INFO ] 2023-12-02 20:18:40.603 [main] BoookartWeb - The Actual Login Page Title is: BoookArt: Login
[INFO ] 2023-12-02 20:18:40.611 [main] BoookartWeb - Login Step #1 : Navigate to Login Page URL.
[INFO ] 2023-12-02 20:18:41.410 [main] BoookartWeb - Login Step #2 :Enter correct email
[INFO ] 2023-12-02 20:18:41.799 [main] BoookartWeb - Login Step #3 :Enter incorrect password
[INFO ] 2023-12-02 20:18:42.091 [main] BoookartWeb - Login Step #4 :Click on SignIn button to login to account
[INFO ] 2023-12-02 20:18:42.680 [main] BoookartWeb - Login Step #5 : TC_Verfiy that for wrong email, customer able to see error message 'password is incoorect' on Login page screen
[INFO ] 2023-12-02 20:18:43.446 [main] BoookartWeb - The Actual error Message is for invalid passord is : Password is incorrect
[INFO ] 2023-12-02 20:18:43.660 [main] BoookartWeb - Login Step #1 : Navigate to Login Page URL.
[INFO ] 2023-12-02 20:18:44.798 [main] BoookartWeb - Login Step #2 :Enter Correct email
[INFO ] 2023-12-02 20:18:45.296 [main] BoookartWeb - Login Step #3 :Enter correct password
[INFO ] 2023-12-02 20:18:45.626 [main] BoookartWeb - Login Step #4 :Click on SignIn button to login to account
[INFO ] 2023-12-02 20:19:07.582 [main] BoookartWeb - Login Step #5: Closed Newsletter popup after login
[INFO ] 2023-12-02 20:19:43.740 [main] BoookartWeb - Login Step #6: Click on User profile icon
[INFO ] 2023-12-02 20:19:49.256 [main] BoookartWeb - Login Step #7: Verify User can able see welcome mesaaege as 'Hello' 
[INFO ] 2023-12-02 20:19:49.366 [main] BoookartWeb - Verify with Valid Login Credentials - Passed
[INFO ] 2023-12-02 20:19:51.008 [main] BoookartWeb - The WebDriver Sesssion Starts successfully.
[INFO ] 2023-12-02 20:19:51.174 [main] BoookartWeb - Window is Maximized successfullly.
[INFO ] 2023-12-02 20:19:56.457 [main] BoookartWeb - Getting a Base URL on Browser
[INFO ] 2023-12-02 20:20:07.590 [main] BoookartWeb - The WebDriver Sesssion Starts successfully.
[INFO ] 2023-12-02 20:20:07.728 [main] BoookartWeb - Window is Maximized successfullly.
[INFO ] 2023-12-02 20:20:12.170 [main] BoookartWeb - Getting a Base URL on Browser
